<?xml version="1.0" encoding="UTF-8"?>
<testng-results ignored="0" total="2" passed="2" failed="0" skipped="0">
  <reporter-output>
  </reporter-output>
  <suite started-at="2022-07-27T11:27:08 WIB" name="Default suite" finished-at="2022-07-27T11:27:11 WIB" duration-ms="2872">
    <groups>
    </groups>
    <test started-at="2022-07-27T11:27:08 WIB" name="Default test" finished-at="2022-07-27T11:27:11 WIB" duration-ms="2872">
      <class name="KitaLulus">
        <test-method is-config="true" signature="setupDriver()[pri:0, instance:KitaLulus@d4342c2]" started-at="2022-07-27T11:27:06 WIB" name="setupDriver" finished-at="2022-07-27T11:27:08 WIB" duration-ms="2257" status="PASS">
          <reporter-output>
          </reporter-output>
        </test-method> <!-- setupDriver -->
        <test-method signature="vacancyTest()[pri:1, instance:KitaLulus@d4342c2]" started-at="2022-07-27T11:27:08 WIB" name="vacancyTest" finished-at="2022-07-27T11:27:10 WIB" duration-ms="1958" status="PASS">
          <reporter-output>
          </reporter-output>
        </test-method> <!-- vacancyTest -->
        <test-method signature="bookmarkTest()[pri:2, instance:KitaLulus@d4342c2]" started-at="2022-07-27T11:27:10 WIB" name="bookmarkTest" finished-at="2022-07-27T11:27:11 WIB" duration-ms="862" status="PASS">
          <reporter-output>
          </reporter-output>
        </test-method> <!-- bookmarkTest -->
      </class> <!-- KitaLulus -->
    </test> <!-- Default test -->
  </suite> <!-- Default suite -->
</testng-results>
